<?xml version="1.0" encoding="UTF-8"?>
<!-- Generated by org.testng.reporters.JUnitReportReporter -->
<testsuite hostname="LAPTOP-BQ1MK5JM" failures="0" tests="26" name="ds.algo.testrunner.DSAlgoTestRunner" time="72.341" errors="0" timestamp="2023-04-07T11:34:26 EDT" skipped="0">
  <testcase classname="ds.algo.testrunner.DSAlgoTestRunner" name="runScenario" time="14.153"/>
  <system-out/>
  <testcase classname="ds.algo.testrunner.DSAlgoTestRunner" name="runScenario" time="1.000"/>
  <system-out/>
  <testcase classname="ds.algo.testrunner.DSAlgoTestRunner" name="runScenario" time="3.765"/>
  <system-out/>
  <testcase classname="ds.algo.testrunner.DSAlgoTestRunner" name="runScenario" time="4.573"/>
  <system-out/>
  <testcase classname="ds.algo.testrunner.DSAlgoTestRunner" name="runScenario" time="1.491"/>
  <system-out/>
  <testcase classname="ds.algo.testrunner.DSAlgoTestRunner" name="runScenario" time="2.158"/>
  <system-out/>
  <testcase classname="ds.algo.testrunner.DSAlgoTestRunner" name="runScenario" time="0.757"/>
  <system-out/>
  <testcase classname="ds.algo.testrunner.DSAlgoTestRunner" name="runScenario" time="0.407"/>
  <system-out/>
  <testcase classname="ds.algo.testrunner.DSAlgoTestRunner" name="runScenario" time="5.804"/>
  <system-out/>
  <testcase classname="ds.algo.testrunner.DSAlgoTestRunner" name="runScenario" time="0.496"/>
  <system-out/>
  <testcase classname="ds.algo.testrunner.DSAlgoTestRunner" name="runScenario" time="0.515"/>
  <system-out/>
  <testcase classname="ds.algo.testrunner.DSAlgoTestRunner" name="runScenario" time="2.223"/>
  <system-out/>
  <testcase classname="ds.algo.testrunner.DSAlgoTestRunner" name="runScenario" time="0.486"/>
  <system-out/>
  <testcase classname="ds.algo.testrunner.DSAlgoTestRunner" name="runScenario" time="1.707"/>
  <system-out/>
  <testcase classname="ds.algo.testrunner.DSAlgoTestRunner" name="runScenario" time="2.523"/>
  <system-out/>
  <testcase classname="ds.algo.testrunner.DSAlgoTestRunner" name="runScenario" time="4.218"/>
  <system-out/>
  <testcase classname="ds.algo.testrunner.DSAlgoTestRunner" name="runScenario" time="0.219"/>
  <system-out/>
  <testcase classname="ds.algo.testrunner.DSAlgoTestRunner" name="runScenario" time="2.907"/>
  <system-out/>
  <testcase classname="ds.algo.testrunner.DSAlgoTestRunner" name="runScenario" time="3.331"/>
  <system-out/>
  <testcase classname="ds.algo.testrunner.DSAlgoTestRunner" name="runScenario" time="1.380"/>
  <system-out/>
  <testcase classname="ds.algo.testrunner.DSAlgoTestRunner" name="runScenario" time="4.160"/>
  <system-out/>
  <testcase classname="ds.algo.testrunner.DSAlgoTestRunner" name="runScenario" time="2.538"/>
  <system-out/>
  <testcase classname="ds.algo.testrunner.DSAlgoTestRunner" name="runScenario" time="0.571"/>
  <system-out/>
  <testcase classname="ds.algo.testrunner.DSAlgoTestRunner" name="runScenario" time="3.651"/>
  <system-out/>
  <testcase classname="ds.algo.testrunner.DSAlgoTestRunner" name="runScenario" time="4.471"/>
  <system-out/>
  <testcase classname="ds.algo.testrunner.DSAlgoTestRunner" name="runScenario" time="2.837"/>
  <system-out/>
</testsuite> <!-- ds.algo.testrunner.DSAlgoTestRunner -->
